<?xml version="1.0" encoding="UTF-8"?>
<!-- Generated by org.testng.reporters.JUnitXMLReporter -->
<testsuite hostname="IBM416-PC0GHZYW" ignored="0" name="Guru99" tests="1" failures="1" timestamp="05 Apr 2018 13:31:13 GMT" time="10.558" errors="0">
  <testcase name="ParmeterizationTest" time="0.0" classname="Test.Jmathi.ParametrizationwithTesgNGxml">
    <failure type="org.testng.TestNGException" message="
Parameter &amp;apos;searchkey&amp;apos; is required by @Test on method ParmeterizationTest but has not been marked @Optional or defined
in C:\Users\IBM_ADMIN\workspace\Jmathi\TestNG.xml">
      <![CDATA[org.testng.TestNGException: 
Parameter 'searchkey' is required by @Test on method ParmeterizationTest but has not been marked @Optional or defined
in C:\Users\IBM_ADMIN\workspace\Jmathi\TestNG.xml
... Removed 23 stack frames]]>
    </failure>
  </testcase> <!-- ParmeterizationTest -->
</testsuite> <!-- Guru99 -->
